This is pdfTeX, Version 3.141592653-2.6-1.40.22 (MiKTeX 21.6.28) (preloaded format=pdflatex 2021.7.12)  20 JUL 2021 22:14
entering extended mode
**./S1_08_Tris_Fiche.tex
(S1_08_Tris_Fiche.tex
LaTeX2e <2021-06-01> patch level 1
L3 programming layer <2021-06-18>
! Undefined control sequence.
l.1 \fichetrue
              
? x
 
Here is how much of TeX's memory you used:
 18 strings out of 478813
 478 string characters out of 2855045
 294159 words of memory out of 3000000
 18076 multiletter control sequences out of 15000+600000
 403430 words of font info for 27 fonts, out of 8000000 for 9000
 1141 hyphenation exceptions out of 8191
 13i,0n,12p,64b,10s stack positions out of 5000i,500n,10000p,200000b,80000s
No pages of output.
PDF statistics:
 0 PDF objects out of 1000 (max. 8388607)
 0 named destinations out of 1000 (max. 500000)
 1 words of extra memory for PDF output out of 10000 (max. 10000000)

